<?xml version="1.0" encoding="UTF-8" ?>
<testsuite failures="5" time="0.009" errors="0" skipped="0" tests="5" name="net.sourceforge.logias.LetTest">
  <properties>
[...]
</properties>
  <testcase time="0.001" classname="net.sourceforge.logias.LetTest" name="net.sourceforge.logias.LetTest.test_004">
    <failure type="java.lang.NullPointerException">java.lang.NullPointerException
	at net.sourceforge.logias.LetTest.test_004(LetTest.java:32)
</failure>
    <system-out>@SLTests run: 3, Failures: 3, Errors: 0, Skipped: 0, Time elapsed: 0.006 sec &lt;&lt;&lt; FAILURE!
@SLRunning net.sourceforge.logias.LetTest
</system-out>
  </testcase>
  <testcase time="0.001" classname="net.sourceforge.logias.LetTest" name="net.sourceforge.logias.LetTest.test_005">
    <failure type="java.lang.NullPointerException">java.lang.NullPointerException
	at net.sourceforge.logias.LetTest.test_005(LetTest.java:39)
</failure>
  </testcase>
  <testcase time="0.002" classname="net.sourceforge.logias.LetTest" name="net.sourceforge.logias.LetTest.test_001">
    <failure type="java.lang.NullPointerException">java.lang.NullPointerException
	at net.sourceforge.logias.LetTest.test_001(LetTest.java:11)
</failure>
  </testcase>
  <testcase time="0.002" classname="net.sourceforge.logias.LetTest" name="net.sourceforge.logias.LetTest.test_002">
    <failure type="java.lang.NullPointerException">java.lang.NullPointerException
	at net.sourceforge.logias.LetTest.test_002(LetTest.java:18)
</failure>
  </testcase>
  <testcase time="0.001" classname="net.sourceforge.logias.LetTest" name="net.sourceforge.logias.LetTest.test_003">
    <failure type="java.lang.NullPointerException">java.lang.NullPointerException
	at net.sourceforge.logias.LetTest.test_003(LetTest.java:25)
</failure>
  </testcase>
</testsuite>